INFO: [VRFC 10-2263] Analyzing Verilog file "/home/arun/ddsseventh/ddsseventh.sim/sim_1/impl/func/xsim/ddsseventh_func_impl.v" into library xil_defaultlib
INFO: [VRFC 10-311] analyzing module clk_x_pntrs
INFO: [VRFC 10-311] analyzing module clk_x_pntrs_7
INFO: [VRFC 10-311] analyzing module dbg_hub
INFO: [VRFC 10-311] analyzing module dmem
INFO: [VRFC 10-311] analyzing module dmem_13
INFO: [VRFC 10-311] analyzing module fifo_generator_ramfifo
INFO: [VRFC 10-311] analyzing module fifo_generator_ramfifo__parameterized0
INFO: [VRFC 10-311] analyzing module fifo_generator_top
INFO: [VRFC 10-311] analyzing module fifo_generator_top__parameterized0
INFO: [VRFC 10-311] analyzing module fifo_generator_v13_1_4
INFO: [VRFC 10-311] analyzing module fifo_generator_v13_1_4__parameterized0
INFO: [VRFC 10-311] analyzing module fifo_generator_v13_1_4_synth
INFO: [VRFC 10-311] analyzing module fifo_generator_v13_1_4_synth__parameterized0
INFO: [VRFC 10-311] analyzing module ltlib_v1_0_0_bscan
INFO: [VRFC 10-311] analyzing module ltlib_v1_0_0_generic_mux
INFO: [VRFC 10-311] analyzing module memory
INFO: [VRFC 10-311] analyzing module memory__parameterized0
INFO: [VRFC 10-311] analyzing module rd_bin_cntr
INFO: [VRFC 10-311] analyzing module rd_bin_cntr_18
INFO: [VRFC 10-311] analyzing module rd_fwft
INFO: [VRFC 10-311] analyzing module rd_handshaking_flags
INFO: [VRFC 10-311] analyzing module rd_handshaking_flags__parameterized0
INFO: [VRFC 10-311] analyzing module rd_logic
INFO: [VRFC 10-311] analyzing module rd_logic__parameterized0
INFO: [VRFC 10-311] analyzing module rd_status_flags_as
INFO: [VRFC 10-311] analyzing module rd_status_flags_as_17
INFO: [VRFC 10-311] analyzing module reset_blk_ramfifo
INFO: [VRFC 10-311] analyzing module reset_blk_ramfifo_8
INFO: [VRFC 10-311] analyzing module synchronizer_ff
INFO: [VRFC 10-311] analyzing module synchronizer_ff_1
INFO: [VRFC 10-311] analyzing module synchronizer_ff_10
INFO: [VRFC 10-311] analyzing module synchronizer_ff_11
INFO: [VRFC 10-311] analyzing module synchronizer_ff_12
INFO: [VRFC 10-311] analyzing module synchronizer_ff_2
INFO: [VRFC 10-311] analyzing module synchronizer_ff_3
INFO: [VRFC 10-311] analyzing module synchronizer_ff_9
INFO: [VRFC 10-311] analyzing module synchronizer_ff__parameterized0
INFO: [VRFC 10-311] analyzing module synchronizer_ff__parameterized0_19
INFO: [VRFC 10-311] analyzing module synchronizer_ff__parameterized0_20
INFO: [VRFC 10-311] analyzing module synchronizer_ff__parameterized0_21
INFO: [VRFC 10-311] analyzing module synchronizer_ff__parameterized0_22
INFO: [VRFC 10-311] analyzing module synchronizer_ff__parameterized0_4
INFO: [VRFC 10-311] analyzing module synchronizer_ff__parameterized0_5
INFO: [VRFC 10-311] analyzing module synchronizer_ff__parameterized0_6
INFO: [VRFC 10-311] analyzing module wr_bin_cntr
INFO: [VRFC 10-311] analyzing module wr_bin_cntr_16
INFO: [VRFC 10-311] analyzing module wr_handshaking_flags
INFO: [VRFC 10-311] analyzing module wr_handshaking_flags_15
INFO: [VRFC 10-311] analyzing module wr_logic
INFO: [VRFC 10-311] analyzing module wr_logic__parameterized0
INFO: [VRFC 10-311] analyzing module wr_status_flags_as
INFO: [VRFC 10-311] analyzing module wr_status_flags_as_14
INFO: [VRFC 10-311] analyzing module xsdbm_v3_0_0_addr_ctl
INFO: [VRFC 10-311] analyzing module xsdbm_v3_0_0_bscan_switch
INFO: [VRFC 10-311] analyzing module xsdbm_v3_0_0_burst_wdlen_ctl
INFO: [VRFC 10-311] analyzing module xsdbm_v3_0_0_bus_ctl
INFO: [VRFC 10-311] analyzing module xsdbm_v3_0_0_bus_ctl_cnt
INFO: [VRFC 10-311] analyzing module xsdbm_v3_0_0_bus_ctl_flg
INFO: [VRFC 10-311] analyzing module xsdbm_v3_0_0_bus_ctl_flg__parameterized0
INFO: [VRFC 10-311] analyzing module xsdbm_v3_0_0_bus_mstr2sl_if
INFO: [VRFC 10-311] analyzing module xsdbm_v3_0_0_cmd_decode
INFO: [VRFC 10-311] analyzing module xsdbm_v3_0_0_ctl_reg
INFO: [VRFC 10-311] analyzing module xsdbm_v3_0_0_ctl_reg__parameterized0
INFO: [VRFC 10-311] analyzing module xsdbm_v3_0_0_ctl_reg__parameterized1
INFO: [VRFC 10-311] analyzing module xsdbm_v3_0_0_ctl_reg__parameterized2
INFO: [VRFC 10-311] analyzing module xsdbm_v3_0_0_icon
INFO: [VRFC 10-311] analyzing module xsdbm_v3_0_0_icon2xsdb
INFO: [VRFC 10-311] analyzing module xsdbm_v3_0_0_if
INFO: [VRFC 10-311] analyzing module xsdbm_v3_0_0_if_static_status
INFO: [VRFC 10-311] analyzing module xsdbm_v3_0_0_rdfifo
INFO: [VRFC 10-311] analyzing module xsdbm_v3_0_0_rdreg
INFO: [VRFC 10-311] analyzing module xsdbm_v3_0_0_stat
INFO: [VRFC 10-311] analyzing module xsdbm_v3_0_0_stat_reg
INFO: [VRFC 10-311] analyzing module xsdbm_v3_0_0_stat_reg__parameterized0
INFO: [VRFC 10-311] analyzing module xsdbm_v3_0_0_stat_reg__parameterized0_0
INFO: [VRFC 10-311] analyzing module xsdbm_v3_0_0_sync
INFO: [VRFC 10-311] analyzing module xsdbm_v3_0_0_wrfifo
INFO: [VRFC 10-311] analyzing module xsdbm_v3_0_0_wrreg
INFO: [VRFC 10-311] analyzing module xsdbm_v3_0_0_xsdbm
INFO: [VRFC 10-311] analyzing module xsdbm_v3_0_0_xsdbm_id
INFO: [VRFC 10-311] analyzing module ddsseventh
INFO: [VRFC 10-311] analyzing module ddsseventh_clk_wiz_0_0
INFO: [VRFC 10-311] analyzing module ddsseventh_clk_wiz_0_0_clk_wiz
INFO: [VRFC 10-311] analyzing module ddsseventh_dds_compiler_0_0
INFO: [VRFC 10-311] analyzing module ddsseventh_ila_0_0
INFO: [VRFC 10-311] analyzing module ddsseventh_ila_0_0_ila_v6_2_12_ila_cap_addrgen
INFO: [VRFC 10-311] analyzing module ddsseventh_ila_0_0_ila_v6_2_12_ila_cap_ctrl_legacy
INFO: [VRFC 10-311] analyzing module ddsseventh_ila_0_0_ila_v6_2_12_ila_cap_sample_counter
INFO: [VRFC 10-311] analyzing module ddsseventh_ila_0_0_ila_v6_2_12_ila_cap_window_counter
INFO: [VRFC 10-311] analyzing module ddsseventh_ila_0_0_ila_v6_2_12_ila_core
INFO: [VRFC 10-311] analyzing module ddsseventh_ila_0_0_ila_v6_2_12_ila_register
INFO: [VRFC 10-311] analyzing module ddsseventh_ila_0_0_ila_v6_2_12_ila_reset_ctrl
INFO: [VRFC 10-311] analyzing module ddsseventh_ila_0_0_ila_v6_2_12_ila_trace_memory
INFO: [VRFC 10-311] analyzing module ddsseventh_ila_0_0_ila_v6_2_12_ila_trig_match
INFO: [VRFC 10-311] analyzing module ddsseventh_ila_0_0_ila_v6_2_12_ila_trigger
INFO: [VRFC 10-311] analyzing module ddsseventh_ila_0_0_ila_v6_2_12_ila
INFO: [VRFC 10-311] analyzing module ddsseventh_ila_0_0_ltlib_v1_0_0_all_typeA
INFO: [VRFC 10-311] analyzing module ddsseventh_ila_0_0_ltlib_v1_0_0_all_typeA__parameterized0
INFO: [VRFC 10-311] analyzing module ddsseventh_ila_0_0_ltlib_v1_0_0_all_typeA__parameterized1
INFO: [VRFC 10-311] analyzing module ddsseventh_ila_0_0_ltlib_v1_0_0_all_typeA__parameterized1_25
INFO: [VRFC 10-311] analyzing module ddsseventh_ila_0_0_ltlib_v1_0_0_all_typeA__parameterized1_29
INFO: [VRFC 10-311] analyzing module ddsseventh_ila_0_0_ltlib_v1_0_0_all_typeA_slice
INFO: [VRFC 10-311] analyzing module ddsseventh_ila_0_0_ltlib_v1_0_0_all_typeA_slice_6
INFO: [VRFC 10-311] analyzing module ddsseventh_ila_0_0_ltlib_v1_0_0_all_typeA_slice__parameterized0
INFO: [VRFC 10-311] analyzing module ddsseventh_ila_0_0_ltlib_v1_0_0_all_typeA_slice__parameterized0_0
INFO: [VRFC 10-311] analyzing module ddsseventh_ila_0_0_ltlib_v1_0_0_all_typeA_slice__parameterized0_1
INFO: [VRFC 10-311] analyzing module ddsseventh_ila_0_0_ltlib_v1_0_0_all_typeA_slice__parameterized0_2
INFO: [VRFC 10-311] analyzing module ddsseventh_ila_0_0_ltlib_v1_0_0_all_typeA_slice__parameterized0_3
INFO: [VRFC 10-311] analyzing module ddsseventh_ila_0_0_ltlib_v1_0_0_all_typeA_slice__parameterized0_4
INFO: [VRFC 10-311] analyzing module ddsseventh_ila_0_0_ltlib_v1_0_0_all_typeA_slice__parameterized0_5
INFO: [VRFC 10-311] analyzing module ddsseventh_ila_0_0_ltlib_v1_0_0_all_typeA_slice__parameterized1
INFO: [VRFC 10-311] analyzing module ddsseventh_ila_0_0_ltlib_v1_0_0_all_typeA_slice__parameterized1_26
INFO: [VRFC 10-311] analyzing module ddsseventh_ila_0_0_ltlib_v1_0_0_all_typeA_slice__parameterized1_30
INFO: [VRFC 10-311] analyzing module ddsseventh_ila_0_0_ltlib_v1_0_0_all_typeA_slice__parameterized2
INFO: [VRFC 10-311] analyzing module ddsseventh_ila_0_0_ltlib_v1_0_0_all_typeA_slice__parameterized2_27
INFO: [VRFC 10-311] analyzing module ddsseventh_ila_0_0_ltlib_v1_0_0_all_typeA_slice__parameterized2_31
INFO: [VRFC 10-311] analyzing module ddsseventh_ila_0_0_ltlib_v1_0_0_allx_typeA
INFO: [VRFC 10-311] analyzing module ddsseventh_ila_0_0_ltlib_v1_0_0_allx_typeA__parameterized0
INFO: [VRFC 10-311] analyzing module ddsseventh_ila_0_0_ltlib_v1_0_0_allx_typeA_nodelay
INFO: [VRFC 10-311] analyzing module ddsseventh_ila_0_0_ltlib_v1_0_0_allx_typeA_nodelay_24
INFO: [VRFC 10-311] analyzing module ddsseventh_ila_0_0_ltlib_v1_0_0_allx_typeA_nodelay_28
INFO: [VRFC 10-311] analyzing module ddsseventh_ila_0_0_ltlib_v1_0_0_async_edge_xfer
INFO: [VRFC 10-311] analyzing module ddsseventh_ila_0_0_ltlib_v1_0_0_async_edge_xfer__1
INFO: [VRFC 10-311] analyzing module ddsseventh_ila_0_0_ltlib_v1_0_0_async_edge_xfer__2
INFO: [VRFC 10-311] analyzing module ddsseventh_ila_0_0_ltlib_v1_0_0_async_edge_xfer__3
INFO: [VRFC 10-311] analyzing module ddsseventh_ila_0_0_ltlib_v1_0_0_cfglut4
INFO: [VRFC 10-311] analyzing module ddsseventh_ila_0_0_ltlib_v1_0_0_cfglut4__1
INFO: [VRFC 10-311] analyzing module ddsseventh_ila_0_0_ltlib_v1_0_0_cfglut5
INFO: [VRFC 10-311] analyzing module ddsseventh_ila_0_0_ltlib_v1_0_0_cfglut5__1
INFO: [VRFC 10-311] analyzing module ddsseventh_ila_0_0_ltlib_v1_0_0_cfglut5__2
INFO: [VRFC 10-311] analyzing module ddsseventh_ila_0_0_ltlib_v1_0_0_cfglut6
INFO: [VRFC 10-311] analyzing module ddsseventh_ila_0_0_ltlib_v1_0_0_cfglut6__1
INFO: [VRFC 10-311] analyzing module ddsseventh_ila_0_0_ltlib_v1_0_0_cfglut6__parameterized0
INFO: [VRFC 10-311] analyzing module ddsseventh_ila_0_0_ltlib_v1_0_0_cfglut7
INFO: [VRFC 10-311] analyzing module ddsseventh_ila_0_0_ltlib_v1_0_0_cfglut7__1
INFO: [VRFC 10-311] analyzing module ddsseventh_ila_0_0_ltlib_v1_0_0_generic_memrd
INFO: [VRFC 10-311] analyzing module ddsseventh_ila_0_0_ltlib_v1_0_0_match
INFO: [VRFC 10-311] analyzing module ddsseventh_ila_0_0_ltlib_v1_0_0_match__parameterized0
INFO: [VRFC 10-311] analyzing module ddsseventh_ila_0_0_ltlib_v1_0_0_match_nodelay
INFO: [VRFC 10-311] analyzing module ddsseventh_ila_0_0_ltlib_v1_0_0_match_nodelay__1
INFO: [VRFC 10-311] analyzing module ddsseventh_ila_0_0_ltlib_v1_0_0_match_nodelay__2
INFO: [VRFC 10-311] analyzing module ddsseventh_ila_0_0_ltlib_v1_0_0_rising_edge_detection
INFO: [VRFC 10-311] analyzing module ddsseventh_ila_0_0_ltlib_v1_0_0_rising_edge_detection__1
INFO: [VRFC 10-311] analyzing module ddsseventh_ila_0_0_xsdbs_v1_0_2_reg__parameterized11
INFO: [VRFC 10-311] analyzing module ddsseventh_ila_0_0_xsdbs_v1_0_2_reg__parameterized12
INFO: [VRFC 10-311] analyzing module ddsseventh_ila_0_0_xsdbs_v1_0_2_reg__parameterized13
INFO: [VRFC 10-311] analyzing module ddsseventh_ila_0_0_xsdbs_v1_0_2_reg__parameterized14
INFO: [VRFC 10-311] analyzing module ddsseventh_ila_0_0_xsdbs_v1_0_2_reg__parameterized26
INFO: [VRFC 10-311] analyzing module ddsseventh_ila_0_0_xsdbs_v1_0_2_reg__parameterized27
INFO: [VRFC 10-311] analyzing module ddsseventh_ila_0_0_xsdbs_v1_0_2_reg__parameterized28
INFO: [VRFC 10-311] analyzing module ddsseventh_ila_0_0_xsdbs_v1_0_2_reg__parameterized29
INFO: [VRFC 10-311] analyzing module ddsseventh_ila_0_0_xsdbs_v1_0_2_reg__parameterized30
INFO: [VRFC 10-311] analyzing module ddsseventh_ila_0_0_xsdbs_v1_0_2_reg__parameterized31
INFO: [VRFC 10-311] analyzing module ddsseventh_ila_0_0_xsdbs_v1_0_2_reg__parameterized32
INFO: [VRFC 10-311] analyzing module ddsseventh_ila_0_0_xsdbs_v1_0_2_reg__parameterized33
INFO: [VRFC 10-311] analyzing module ddsseventh_ila_0_0_xsdbs_v1_0_2_reg__parameterized34
INFO: [VRFC 10-311] analyzing module ddsseventh_ila_0_0_xsdbs_v1_0_2_reg__parameterized35
INFO: [VRFC 10-311] analyzing module ddsseventh_ila_0_0_xsdbs_v1_0_2_reg__parameterized36
INFO: [VRFC 10-311] analyzing module ddsseventh_ila_0_0_xsdbs_v1_0_2_reg__parameterized37
INFO: [VRFC 10-311] analyzing module ddsseventh_ila_0_0_xsdbs_v1_0_2_reg__parameterized39
INFO: [VRFC 10-311] analyzing module ddsseventh_ila_0_0_xsdbs_v1_0_2_reg__parameterized41
INFO: [VRFC 10-311] analyzing module ddsseventh_ila_0_0_xsdbs_v1_0_2_reg__parameterized44
INFO: [VRFC 10-311] analyzing module ddsseventh_ila_0_0_xsdbs_v1_0_2_reg_ctl
INFO: [VRFC 10-311] analyzing module ddsseventh_ila_0_0_xsdbs_v1_0_2_reg_ctl_10
INFO: [VRFC 10-311] analyzing module ddsseventh_ila_0_0_xsdbs_v1_0_2_reg_ctl_11
INFO: [VRFC 10-311] analyzing module ddsseventh_ila_0_0_xsdbs_v1_0_2_reg_ctl_12
INFO: [VRFC 10-311] analyzing module ddsseventh_ila_0_0_xsdbs_v1_0_2_reg_ctl_13
INFO: [VRFC 10-311] analyzing module ddsseventh_ila_0_0_xsdbs_v1_0_2_reg_ctl_16
INFO: [VRFC 10-311] analyzing module ddsseventh_ila_0_0_xsdbs_v1_0_2_reg_ctl_17
INFO: [VRFC 10-311] analyzing module ddsseventh_ila_0_0_xsdbs_v1_0_2_reg_ctl_18
INFO: [VRFC 10-311] analyzing module ddsseventh_ila_0_0_xsdbs_v1_0_2_reg_ctl_19
INFO: [VRFC 10-311] analyzing module ddsseventh_ila_0_0_xsdbs_v1_0_2_reg_ctl_20
INFO: [VRFC 10-311] analyzing module ddsseventh_ila_0_0_xsdbs_v1_0_2_reg_ctl_23
INFO: [VRFC 10-311] analyzing module ddsseventh_ila_0_0_xsdbs_v1_0_2_reg_ctl__parameterized0
INFO: [VRFC 10-311] analyzing module ddsseventh_ila_0_0_xsdbs_v1_0_2_reg_ctl__parameterized1
INFO: [VRFC 10-311] analyzing module ddsseventh_ila_0_0_xsdbs_v1_0_2_reg_ctl__parameterized1_14
INFO: [VRFC 10-311] analyzing module ddsseventh_ila_0_0_xsdbs_v1_0_2_reg_ctl__parameterized1_15
INFO: [VRFC 10-311] analyzing module ddsseventh_ila_0_0_xsdbs_v1_0_2_reg_p2s
INFO: [VRFC 10-311] analyzing module ddsseventh_ila_0_0_xsdbs_v1_0_2_reg_p2s__parameterized0
INFO: [VRFC 10-311] analyzing module ddsseventh_ila_0_0_xsdbs_v1_0_2_reg_p2s__parameterized1
INFO: [VRFC 10-311] analyzing module ddsseventh_ila_0_0_xsdbs_v1_0_2_reg_stat
INFO: [VRFC 10-311] analyzing module ddsseventh_ila_0_0_xsdbs_v1_0_2_reg_stat_21
INFO: [VRFC 10-311] analyzing module ddsseventh_ila_0_0_xsdbs_v1_0_2_reg_stat_22
INFO: [VRFC 10-311] analyzing module ddsseventh_ila_0_0_xsdbs_v1_0_2_reg_stat_7
INFO: [VRFC 10-311] analyzing module ddsseventh_ila_0_0_xsdbs_v1_0_2_reg_stat_8
INFO: [VRFC 10-311] analyzing module ddsseventh_ila_0_0_xsdbs_v1_0_2_reg_stat_9
INFO: [VRFC 10-311] analyzing module ddsseventh_ila_0_0_xsdbs_v1_0_2_reg_stream
INFO: [VRFC 10-311] analyzing module ddsseventh_ila_0_0_xsdbs_v1_0_2_reg_stream__parameterized0
INFO: [VRFC 10-311] analyzing module ddsseventh_ila_0_0_xsdbs_v1_0_2_xsdbs
INFO: [VRFC 10-311] analyzing module ddsseventh_dds_compiler_0_0_accum
INFO: [VRFC 10-311] analyzing module ddsseventh_dds_compiler_0_0_dds_compiler_v6_0_22
INFO: [VRFC 10-311] analyzing module ddsseventh_dds_compiler_0_0_dds_compiler_v6_0_22_core
INFO: [VRFC 10-311] analyzing module ddsseventh_dds_compiler_0_0_dds_compiler_v6_0_22_eff
INFO: [VRFC 10-311] analyzing module ddsseventh_dds_compiler_0_0_dds_compiler_v6_0_22_eff_lut
INFO: [VRFC 10-311] analyzing module ddsseventh_dds_compiler_0_0_dds_compiler_v6_0_22_viv
INFO: [VRFC 10-311] analyzing module ddsseventh_dds_compiler_0_0_pipe_add
INFO: [VRFC 10-311] analyzing module ddsseventh_dds_compiler_0_0_sin_cos
INFO: [VRFC 10-311] analyzing module ddsseventh_dds_compiler_0_0_xbip_dsp48_multadd_synth
INFO: [VRFC 10-311] analyzing module ddsseventh_dds_compiler_0_0_xbip_dsp48_multadd_synth_10
INFO: [VRFC 10-311] analyzing module ddsseventh_dds_compiler_0_0_xbip_dsp48_multadd_synth_8
INFO: [VRFC 10-311] analyzing module ddsseventh_dds_compiler_0_0_xbip_dsp48_multadd_v3_0_6_viv
INFO: [VRFC 10-311] analyzing module ddsseventh_dds_compiler_0_0_xbip_dsp48_multadd_v3_0_6_viv_3
INFO: [VRFC 10-311] analyzing module ddsseventh_dds_compiler_0_0_xbip_dsp48_multadd_v3_0_6_viv_4
INFO: [VRFC 10-311] analyzing module ddsseventh_dds_compiler_0_0_xbip_dsp48e1_wrapper_v3_0
INFO: [VRFC 10-311] analyzing module ddsseventh_dds_compiler_0_0_xbip_dsp48e1_wrapper_v3_0_11
INFO: [VRFC 10-311] analyzing module ddsseventh_dds_compiler_0_0_xbip_dsp48e1_wrapper_v3_0_9
INFO: [VRFC 10-311] analyzing module ddsseventh_dds_compiler_0_0_xbip_pipe_v3_0_6_viv__parameterized11
INFO: [VRFC 10-311] analyzing module ddsseventh_dds_compiler_0_0_xbip_pipe_v3_0_6_viv__parameterized11_1
INFO: [VRFC 10-311] analyzing module ddsseventh_dds_compiler_0_0_xbip_pipe_v3_0_6_viv__parameterized13
INFO: [VRFC 10-311] analyzing module ddsseventh_dds_compiler_0_0_xbip_pipe_v3_0_6_viv__parameterized13_2
INFO: [VRFC 10-311] analyzing module ddsseventh_dds_compiler_0_0_xbip_pipe_v3_0_6_viv__parameterized17_5
INFO: [VRFC 10-311] analyzing module ddsseventh_dds_compiler_0_0_xbip_pipe_v3_0_6_viv__parameterized17_7
INFO: [VRFC 10-311] analyzing module ddsseventh_dds_compiler_0_0_xbip_pipe_v3_0_6_viv__parameterized19
INFO: [VRFC 10-311] analyzing module ddsseventh_dds_compiler_0_0_xbip_pipe_v3_0_6_viv__parameterized21
INFO: [VRFC 10-311] analyzing module ddsseventh_dds_compiler_0_0_xbip_pipe_v3_0_6_viv__parameterized7
INFO: [VRFC 10-311] analyzing module ddsseventh_ila_0_0_blk_mem_gen_v8_4_5
INFO: [VRFC 10-311] analyzing module ddsseventh_ila_0_0_blk_mem_gen_v8_4_5_blk_mem_gen_generic_cstr
INFO: [VRFC 10-311] analyzing module ddsseventh_ila_0_0_blk_mem_gen_v8_4_5_blk_mem_gen_prim_width
INFO: [VRFC 10-311] analyzing module ddsseventh_ila_0_0_blk_mem_gen_v8_4_5_blk_mem_gen_prim_width__parameterized0
INFO: [VRFC 10-311] analyzing module ddsseventh_ila_0_0_blk_mem_gen_v8_4_5_blk_mem_gen_prim_wrapper
INFO: [VRFC 10-311] analyzing module ddsseventh_ila_0_0_blk_mem_gen_v8_4_5_blk_mem_gen_prim_wrapper__parameterized0
INFO: [VRFC 10-311] analyzing module ddsseventh_ila_0_0_blk_mem_gen_v8_4_5_blk_mem_gen_top
INFO: [VRFC 10-311] analyzing module ddsseventh_ila_0_0_blk_mem_gen_v8_4_5_synth
INFO: [VRFC 10-311] analyzing module glbl
