INFO: [VRFC 10-2263] Analyzing Verilog file "/home/arun/ddsseventh/ddsseventh.sim/sim_1/synth/timing/xsim/ddsseventh_time_synth.v" into library xil_defaultlib
INFO: [VRFC 10-311] analyzing module dbg_hub_CV
INFO: [VRFC 10-311] analyzing module ddsseventh
INFO: [VRFC 10-311] analyzing module ddsseventh_clk_wiz_0_0
INFO: [VRFC 10-311] analyzing module ddsseventh_clk_wiz_0_0_clk_wiz
INFO: [VRFC 10-311] analyzing module ddsseventh_dds_compiler_0_0
INFO: [VRFC 10-311] analyzing module ddsseventh_dds_compiler_1_0
INFO: [VRFC 10-311] analyzing module ddsseventh_ila_0_0
INFO: [VRFC 10-311] analyzing module ddsseventh_mult_gen_0_3
INFO: [VRFC 10-311] analyzing module ddsseventh_mult_gen_1_0
INFO: [VRFC 10-311] analyzing module CFGLUT5_UNIQ_BASE_
INFO: [VRFC 10-311] analyzing module CFGLUT5_HD1
INFO: [VRFC 10-311] analyzing module CFGLUT5_HD10
INFO: [VRFC 10-311] analyzing module CFGLUT5_HD100
INFO: [VRFC 10-311] analyzing module CFGLUT5_HD101
INFO: [VRFC 10-311] analyzing module CFGLUT5_HD102
INFO: [VRFC 10-311] analyzing module CFGLUT5_HD103
INFO: [VRFC 10-311] analyzing module CFGLUT5_HD104
INFO: [VRFC 10-311] analyzing module CFGLUT5_HD105
INFO: [VRFC 10-311] analyzing module CFGLUT5_HD106
INFO: [VRFC 10-311] analyzing module CFGLUT5_HD107
INFO: [VRFC 10-311] analyzing module CFGLUT5_HD108
INFO: [VRFC 10-311] analyzing module CFGLUT5_HD109
INFO: [VRFC 10-311] analyzing module CFGLUT5_HD11
INFO: [VRFC 10-311] analyzing module CFGLUT5_HD110
INFO: [VRFC 10-311] analyzing module CFGLUT5_HD111
INFO: [VRFC 10-311] analyzing module CFGLUT5_HD112
INFO: [VRFC 10-311] analyzing module CFGLUT5_HD113
INFO: [VRFC 10-311] analyzing module CFGLUT5_HD114
INFO: [VRFC 10-311] analyzing module CFGLUT5_HD115
INFO: [VRFC 10-311] analyzing module CFGLUT5_HD116
INFO: [VRFC 10-311] analyzing module CFGLUT5_HD117
INFO: [VRFC 10-311] analyzing module CFGLUT5_HD118
INFO: [VRFC 10-311] analyzing module CFGLUT5_HD119
INFO: [VRFC 10-311] analyzing module CFGLUT5_HD12
INFO: [VRFC 10-311] analyzing module CFGLUT5_HD120
INFO: [VRFC 10-311] analyzing module CFGLUT5_HD121
INFO: [VRFC 10-311] analyzing module CFGLUT5_HD122
INFO: [VRFC 10-311] analyzing module CFGLUT5_HD123
INFO: [VRFC 10-311] analyzing module CFGLUT5_HD124
INFO: [VRFC 10-311] analyzing module CFGLUT5_HD125
INFO: [VRFC 10-311] analyzing module CFGLUT5_HD126
INFO: [VRFC 10-311] analyzing module CFGLUT5_HD127
INFO: [VRFC 10-311] analyzing module CFGLUT5_HD128
INFO: [VRFC 10-311] analyzing module CFGLUT5_HD129
INFO: [VRFC 10-311] analyzing module CFGLUT5_HD13
INFO: [VRFC 10-311] analyzing module CFGLUT5_HD130
INFO: [VRFC 10-311] analyzing module CFGLUT5_HD131
INFO: [VRFC 10-311] analyzing module CFGLUT5_HD132
INFO: [VRFC 10-311] analyzing module CFGLUT5_HD133
INFO: [VRFC 10-311] analyzing module CFGLUT5_HD134
INFO: [VRFC 10-311] analyzing module CFGLUT5_HD135
INFO: [VRFC 10-311] analyzing module CFGLUT5_HD136
INFO: [VRFC 10-311] analyzing module CFGLUT5_HD137
INFO: [VRFC 10-311] analyzing module CFGLUT5_HD138
INFO: [VRFC 10-311] analyzing module CFGLUT5_HD139
INFO: [VRFC 10-311] analyzing module CFGLUT5_HD14
INFO: [VRFC 10-311] analyzing module CFGLUT5_HD15
INFO: [VRFC 10-311] analyzing module CFGLUT5_HD16
INFO: [VRFC 10-311] analyzing module CFGLUT5_HD17
INFO: [VRFC 10-311] analyzing module CFGLUT5_HD18
INFO: [VRFC 10-311] analyzing module CFGLUT5_HD19
INFO: [VRFC 10-311] analyzing module CFGLUT5_HD2
INFO: [VRFC 10-311] analyzing module CFGLUT5_HD20
INFO: [VRFC 10-311] analyzing module CFGLUT5_HD21
INFO: [VRFC 10-311] analyzing module CFGLUT5_HD22
INFO: [VRFC 10-311] analyzing module CFGLUT5_HD23
INFO: [VRFC 10-311] analyzing module CFGLUT5_HD24
INFO: [VRFC 10-311] analyzing module CFGLUT5_HD25
INFO: [VRFC 10-311] analyzing module CFGLUT5_HD26
INFO: [VRFC 10-311] analyzing module CFGLUT5_HD27
INFO: [VRFC 10-311] analyzing module CFGLUT5_HD28
INFO: [VRFC 10-311] analyzing module CFGLUT5_HD29
INFO: [VRFC 10-311] analyzing module CFGLUT5_HD3
INFO: [VRFC 10-311] analyzing module CFGLUT5_HD30
INFO: [VRFC 10-311] analyzing module CFGLUT5_HD31
INFO: [VRFC 10-311] analyzing module CFGLUT5_HD32
INFO: [VRFC 10-311] analyzing module CFGLUT5_HD33
INFO: [VRFC 10-311] analyzing module CFGLUT5_HD34
INFO: [VRFC 10-311] analyzing module CFGLUT5_HD35
INFO: [VRFC 10-311] analyzing module CFGLUT5_HD36
INFO: [VRFC 10-311] analyzing module CFGLUT5_HD37
INFO: [VRFC 10-311] analyzing module CFGLUT5_HD38
INFO: [VRFC 10-311] analyzing module CFGLUT5_HD39
INFO: [VRFC 10-311] analyzing module CFGLUT5_HD4
INFO: [VRFC 10-311] analyzing module CFGLUT5_HD40
INFO: [VRFC 10-311] analyzing module CFGLUT5_HD41
INFO: [VRFC 10-311] analyzing module CFGLUT5_HD42
INFO: [VRFC 10-311] analyzing module CFGLUT5_HD43
INFO: [VRFC 10-311] analyzing module CFGLUT5_HD44
INFO: [VRFC 10-311] analyzing module CFGLUT5_HD45
INFO: [VRFC 10-311] analyzing module CFGLUT5_HD46
INFO: [VRFC 10-311] analyzing module CFGLUT5_HD47
INFO: [VRFC 10-311] analyzing module CFGLUT5_HD48
INFO: [VRFC 10-311] analyzing module CFGLUT5_HD49
INFO: [VRFC 10-311] analyzing module CFGLUT5_HD5
INFO: [VRFC 10-311] analyzing module CFGLUT5_HD50
INFO: [VRFC 10-311] analyzing module CFGLUT5_HD51
INFO: [VRFC 10-311] analyzing module CFGLUT5_HD52
INFO: [VRFC 10-311] analyzing module CFGLUT5_HD53
INFO: [VRFC 10-311] analyzing module CFGLUT5_HD54
INFO: [VRFC 10-311] analyzing module CFGLUT5_HD55
INFO: [VRFC 10-311] analyzing module CFGLUT5_HD56
INFO: [VRFC 10-311] analyzing module CFGLUT5_HD57
INFO: [VRFC 10-311] analyzing module CFGLUT5_HD58
INFO: [VRFC 10-311] analyzing module CFGLUT5_HD59
INFO: [VRFC 10-311] analyzing module CFGLUT5_HD6
INFO: [VRFC 10-311] analyzing module CFGLUT5_HD60
INFO: [VRFC 10-311] analyzing module CFGLUT5_HD61
INFO: [VRFC 10-311] analyzing module CFGLUT5_HD62
INFO: [VRFC 10-311] analyzing module CFGLUT5_HD63
INFO: [VRFC 10-311] analyzing module CFGLUT5_HD64
INFO: [VRFC 10-311] analyzing module CFGLUT5_HD65
INFO: [VRFC 10-311] analyzing module CFGLUT5_HD66
INFO: [VRFC 10-311] analyzing module CFGLUT5_HD67
INFO: [VRFC 10-311] analyzing module CFGLUT5_HD68
INFO: [VRFC 10-311] analyzing module CFGLUT5_HD69
INFO: [VRFC 10-311] analyzing module CFGLUT5_HD7
INFO: [VRFC 10-311] analyzing module CFGLUT5_HD70
INFO: [VRFC 10-311] analyzing module CFGLUT5_HD71
INFO: [VRFC 10-311] analyzing module CFGLUT5_HD72
INFO: [VRFC 10-311] analyzing module CFGLUT5_HD73
INFO: [VRFC 10-311] analyzing module CFGLUT5_HD74
INFO: [VRFC 10-311] analyzing module CFGLUT5_HD75
INFO: [VRFC 10-311] analyzing module CFGLUT5_HD76
INFO: [VRFC 10-311] analyzing module CFGLUT5_HD77
INFO: [VRFC 10-311] analyzing module CFGLUT5_HD78
INFO: [VRFC 10-311] analyzing module CFGLUT5_HD79
INFO: [VRFC 10-311] analyzing module CFGLUT5_HD8
INFO: [VRFC 10-311] analyzing module CFGLUT5_HD80
INFO: [VRFC 10-311] analyzing module CFGLUT5_HD81
INFO: [VRFC 10-311] analyzing module CFGLUT5_HD82
INFO: [VRFC 10-311] analyzing module CFGLUT5_HD83
INFO: [VRFC 10-311] analyzing module CFGLUT5_HD84
INFO: [VRFC 10-311] analyzing module CFGLUT5_HD85
INFO: [VRFC 10-311] analyzing module CFGLUT5_HD86
INFO: [VRFC 10-311] analyzing module CFGLUT5_HD87
INFO: [VRFC 10-311] analyzing module CFGLUT5_HD88
INFO: [VRFC 10-311] analyzing module CFGLUT5_HD89
INFO: [VRFC 10-311] analyzing module CFGLUT5_HD9
INFO: [VRFC 10-311] analyzing module CFGLUT5_HD90
INFO: [VRFC 10-311] analyzing module CFGLUT5_HD91
INFO: [VRFC 10-311] analyzing module CFGLUT5_HD92
INFO: [VRFC 10-311] analyzing module CFGLUT5_HD93
INFO: [VRFC 10-311] analyzing module CFGLUT5_HD94
INFO: [VRFC 10-311] analyzing module CFGLUT5_HD95
INFO: [VRFC 10-311] analyzing module CFGLUT5_HD96
INFO: [VRFC 10-311] analyzing module CFGLUT5_HD97
INFO: [VRFC 10-311] analyzing module CFGLUT5_HD98
INFO: [VRFC 10-311] analyzing module CFGLUT5_HD99
INFO: [VRFC 10-311] analyzing module ddsseventh_ila_0_0_ila_v6_2_12_ila_cap_addrgen
INFO: [VRFC 10-311] analyzing module ddsseventh_ila_0_0_ila_v6_2_12_ila_cap_ctrl_legacy
INFO: [VRFC 10-311] analyzing module ddsseventh_ila_0_0_ila_v6_2_12_ila_cap_sample_counter
INFO: [VRFC 10-311] analyzing module ddsseventh_ila_0_0_ila_v6_2_12_ila_cap_window_counter
INFO: [VRFC 10-311] analyzing module ddsseventh_ila_0_0_ila_v6_2_12_ila_core
INFO: [VRFC 10-311] analyzing module ddsseventh_ila_0_0_ila_v6_2_12_ila_register
INFO: [VRFC 10-311] analyzing module ddsseventh_ila_0_0_ila_v6_2_12_ila_reset_ctrl
INFO: [VRFC 10-311] analyzing module ddsseventh_ila_0_0_ila_v6_2_12_ila_trace_memory
INFO: [VRFC 10-311] analyzing module ddsseventh_ila_0_0_ila_v6_2_12_ila_trig_match
INFO: [VRFC 10-311] analyzing module ddsseventh_ila_0_0_ila_v6_2_12_ila_trigger
INFO: [VRFC 10-311] analyzing module ddsseventh_ila_0_0_ila_v6_2_12_ila
INFO: [VRFC 10-311] analyzing module ddsseventh_ila_0_0_ltlib_v1_0_0_all_typeA
INFO: [VRFC 10-311] analyzing module ddsseventh_ila_0_0_ltlib_v1_0_0_all_typeA__parameterized0
INFO: [VRFC 10-311] analyzing module ddsseventh_ila_0_0_ltlib_v1_0_0_all_typeA__parameterized0_23
INFO: [VRFC 10-311] analyzing module ddsseventh_ila_0_0_ltlib_v1_0_0_all_typeA__parameterized1
INFO: [VRFC 10-311] analyzing module ddsseventh_ila_0_0_ltlib_v1_0_0_all_typeA__parameterized2
INFO: [VRFC 10-311] analyzing module ddsseventh_ila_0_0_ltlib_v1_0_0_all_typeA__parameterized3
INFO: [VRFC 10-311] analyzing module ddsseventh_ila_0_0_ltlib_v1_0_0_all_typeA__parameterized3_47
INFO: [VRFC 10-311] analyzing module ddsseventh_ila_0_0_ltlib_v1_0_0_all_typeA__parameterized3_51
INFO: [VRFC 10-311] analyzing module ddsseventh_ila_0_0_ltlib_v1_0_0_all_typeA_slice
INFO: [VRFC 10-311] analyzing module ddsseventh_ila_0_0_ltlib_v1_0_0_all_typeA_slice_17
INFO: [VRFC 10-311] analyzing module ddsseventh_ila_0_0_ltlib_v1_0_0_all_typeA_slice_21
INFO: [VRFC 10-311] analyzing module ddsseventh_ila_0_0_ltlib_v1_0_0_all_typeA_slice_27
INFO: [VRFC 10-311] analyzing module ddsseventh_ila_0_0_ltlib_v1_0_0_all_typeA_slice_28
INFO: [VRFC 10-311] analyzing module ddsseventh_ila_0_0_ltlib_v1_0_0_all_typeA_slice__parameterized0
INFO: [VRFC 10-311] analyzing module ddsseventh_ila_0_0_ltlib_v1_0_0_all_typeA_slice__parameterized0_0
INFO: [VRFC 10-311] analyzing module ddsseventh_ila_0_0_ltlib_v1_0_0_all_typeA_slice__parameterized0_1
INFO: [VRFC 10-311] analyzing module ddsseventh_ila_0_0_ltlib_v1_0_0_all_typeA_slice__parameterized0_10
INFO: [VRFC 10-311] analyzing module ddsseventh_ila_0_0_ltlib_v1_0_0_all_typeA_slice__parameterized0_11
INFO: [VRFC 10-311] analyzing module ddsseventh_ila_0_0_ltlib_v1_0_0_all_typeA_slice__parameterized0_12
INFO: [VRFC 10-311] analyzing module ddsseventh_ila_0_0_ltlib_v1_0_0_all_typeA_slice__parameterized0_13
INFO: [VRFC 10-311] analyzing module ddsseventh_ila_0_0_ltlib_v1_0_0_all_typeA_slice__parameterized0_14
INFO: [VRFC 10-311] analyzing module ddsseventh_ila_0_0_ltlib_v1_0_0_all_typeA_slice__parameterized0_15
INFO: [VRFC 10-311] analyzing module ddsseventh_ila_0_0_ltlib_v1_0_0_all_typeA_slice__parameterized0_16
INFO: [VRFC 10-311] analyzing module ddsseventh_ila_0_0_ltlib_v1_0_0_all_typeA_slice__parameterized0_18
INFO: [VRFC 10-311] analyzing module ddsseventh_ila_0_0_ltlib_v1_0_0_all_typeA_slice__parameterized0_19
INFO: [VRFC 10-311] analyzing module ddsseventh_ila_0_0_ltlib_v1_0_0_all_typeA_slice__parameterized0_2
INFO: [VRFC 10-311] analyzing module ddsseventh_ila_0_0_ltlib_v1_0_0_all_typeA_slice__parameterized0_20
INFO: [VRFC 10-311] analyzing module ddsseventh_ila_0_0_ltlib_v1_0_0_all_typeA_slice__parameterized0_24
INFO: [VRFC 10-311] analyzing module ddsseventh_ila_0_0_ltlib_v1_0_0_all_typeA_slice__parameterized0_25
INFO: [VRFC 10-311] analyzing module ddsseventh_ila_0_0_ltlib_v1_0_0_all_typeA_slice__parameterized0_26
INFO: [VRFC 10-311] analyzing module ddsseventh_ila_0_0_ltlib_v1_0_0_all_typeA_slice__parameterized0_3
INFO: [VRFC 10-311] analyzing module ddsseventh_ila_0_0_ltlib_v1_0_0_all_typeA_slice__parameterized0_4
INFO: [VRFC 10-311] analyzing module ddsseventh_ila_0_0_ltlib_v1_0_0_all_typeA_slice__parameterized0_5
INFO: [VRFC 10-311] analyzing module ddsseventh_ila_0_0_ltlib_v1_0_0_all_typeA_slice__parameterized0_6
INFO: [VRFC 10-311] analyzing module ddsseventh_ila_0_0_ltlib_v1_0_0_all_typeA_slice__parameterized0_7
INFO: [VRFC 10-311] analyzing module ddsseventh_ila_0_0_ltlib_v1_0_0_all_typeA_slice__parameterized0_8
INFO: [VRFC 10-311] analyzing module ddsseventh_ila_0_0_ltlib_v1_0_0_all_typeA_slice__parameterized0_9
INFO: [VRFC 10-311] analyzing module ddsseventh_ila_0_0_ltlib_v1_0_0_all_typeA_slice__parameterized1
INFO: [VRFC 10-311] analyzing module ddsseventh_ila_0_0_ltlib_v1_0_0_all_typeA_slice__parameterized1_48
INFO: [VRFC 10-311] analyzing module ddsseventh_ila_0_0_ltlib_v1_0_0_all_typeA_slice__parameterized1_52
INFO: [VRFC 10-311] analyzing module ddsseventh_ila_0_0_ltlib_v1_0_0_all_typeA_slice__parameterized2
INFO: [VRFC 10-311] analyzing module ddsseventh_ila_0_0_ltlib_v1_0_0_all_typeA_slice__parameterized2_49
INFO: [VRFC 10-311] analyzing module ddsseventh_ila_0_0_ltlib_v1_0_0_all_typeA_slice__parameterized2_53
INFO: [VRFC 10-311] analyzing module ddsseventh_ila_0_0_ltlib_v1_0_0_allx_typeA
INFO: [VRFC 10-311] analyzing module ddsseventh_ila_0_0_ltlib_v1_0_0_allx_typeA__parameterized0
INFO: [VRFC 10-311] analyzing module ddsseventh_ila_0_0_ltlib_v1_0_0_allx_typeA__parameterized0_22
INFO: [VRFC 10-311] analyzing module ddsseventh_ila_0_0_ltlib_v1_0_0_allx_typeA__parameterized1
INFO: [VRFC 10-311] analyzing module ddsseventh_ila_0_0_ltlib_v1_0_0_allx_typeA__parameterized2
INFO: [VRFC 10-311] analyzing module ddsseventh_ila_0_0_ltlib_v1_0_0_allx_typeA_nodelay
INFO: [VRFC 10-311] analyzing module ddsseventh_ila_0_0_ltlib_v1_0_0_allx_typeA_nodelay_46
INFO: [VRFC 10-311] analyzing module ddsseventh_ila_0_0_ltlib_v1_0_0_allx_typeA_nodelay_50
INFO: [VRFC 10-311] analyzing module ddsseventh_ila_0_0_ltlib_v1_0_0_async_edge_xfer
INFO: [VRFC 10-311] analyzing module ddsseventh_ila_0_0_ltlib_v1_0_0_async_edge_xfer__1
INFO: [VRFC 10-311] analyzing module ddsseventh_ila_0_0_ltlib_v1_0_0_async_edge_xfer__2
INFO: [VRFC 10-311] analyzing module ddsseventh_ila_0_0_ltlib_v1_0_0_async_edge_xfer__3
INFO: [VRFC 10-311] analyzing module ddsseventh_ila_0_0_ltlib_v1_0_0_cfglut4
INFO: [VRFC 10-311] analyzing module ddsseventh_ila_0_0_ltlib_v1_0_0_cfglut4__1
INFO: [VRFC 10-311] analyzing module ddsseventh_ila_0_0_ltlib_v1_0_0_cfglut5
INFO: [VRFC 10-311] analyzing module ddsseventh_ila_0_0_ltlib_v1_0_0_cfglut5__1
INFO: [VRFC 10-311] analyzing module ddsseventh_ila_0_0_ltlib_v1_0_0_cfglut5__2
INFO: [VRFC 10-311] analyzing module ddsseventh_ila_0_0_ltlib_v1_0_0_cfglut6
INFO: [VRFC 10-311] analyzing module ddsseventh_ila_0_0_ltlib_v1_0_0_cfglut6__1
INFO: [VRFC 10-311] analyzing module ddsseventh_ila_0_0_ltlib_v1_0_0_cfglut6__parameterized0
INFO: [VRFC 10-311] analyzing module ddsseventh_ila_0_0_ltlib_v1_0_0_cfglut7
INFO: [VRFC 10-311] analyzing module ddsseventh_ila_0_0_ltlib_v1_0_0_cfglut7__1
INFO: [VRFC 10-311] analyzing module ddsseventh_ila_0_0_ltlib_v1_0_0_generic_memrd
INFO: [VRFC 10-311] analyzing module ddsseventh_ila_0_0_ltlib_v1_0_0_match
INFO: [VRFC 10-311] analyzing module ddsseventh_ila_0_0_ltlib_v1_0_0_match__parameterized0
INFO: [VRFC 10-311] analyzing module ddsseventh_ila_0_0_ltlib_v1_0_0_match__parameterized0__1
INFO: [VRFC 10-311] analyzing module ddsseventh_ila_0_0_ltlib_v1_0_0_match__parameterized1
INFO: [VRFC 10-311] analyzing module ddsseventh_ila_0_0_ltlib_v1_0_0_match__parameterized2
INFO: [VRFC 10-311] analyzing module ddsseventh_ila_0_0_ltlib_v1_0_0_match_nodelay
INFO: [VRFC 10-311] analyzing module ddsseventh_ila_0_0_ltlib_v1_0_0_match_nodelay__1
INFO: [VRFC 10-311] analyzing module ddsseventh_ila_0_0_ltlib_v1_0_0_match_nodelay__2
INFO: [VRFC 10-311] analyzing module ddsseventh_ila_0_0_ltlib_v1_0_0_rising_edge_detection
INFO: [VRFC 10-311] analyzing module ddsseventh_ila_0_0_ltlib_v1_0_0_rising_edge_detection__1
INFO: [VRFC 10-311] analyzing module ddsseventh_ila_0_0_xsdbs_v1_0_2_reg__parameterized17
INFO: [VRFC 10-311] analyzing module ddsseventh_ila_0_0_xsdbs_v1_0_2_reg__parameterized18
INFO: [VRFC 10-311] analyzing module ddsseventh_ila_0_0_xsdbs_v1_0_2_reg__parameterized19
INFO: [VRFC 10-311] analyzing module ddsseventh_ila_0_0_xsdbs_v1_0_2_reg__parameterized20
INFO: [VRFC 10-311] analyzing module ddsseventh_ila_0_0_xsdbs_v1_0_2_reg__parameterized32
INFO: [VRFC 10-311] analyzing module ddsseventh_ila_0_0_xsdbs_v1_0_2_reg__parameterized33
INFO: [VRFC 10-311] analyzing module ddsseventh_ila_0_0_xsdbs_v1_0_2_reg__parameterized34
INFO: [VRFC 10-311] analyzing module ddsseventh_ila_0_0_xsdbs_v1_0_2_reg__parameterized35
INFO: [VRFC 10-311] analyzing module ddsseventh_ila_0_0_xsdbs_v1_0_2_reg__parameterized36
INFO: [VRFC 10-311] analyzing module ddsseventh_ila_0_0_xsdbs_v1_0_2_reg__parameterized37
INFO: [VRFC 10-311] analyzing module ddsseventh_ila_0_0_xsdbs_v1_0_2_reg__parameterized38
INFO: [VRFC 10-311] analyzing module ddsseventh_ila_0_0_xsdbs_v1_0_2_reg__parameterized39
INFO: [VRFC 10-311] analyzing module ddsseventh_ila_0_0_xsdbs_v1_0_2_reg__parameterized40
INFO: [VRFC 10-311] analyzing module ddsseventh_ila_0_0_xsdbs_v1_0_2_reg__parameterized41
INFO: [VRFC 10-311] analyzing module ddsseventh_ila_0_0_xsdbs_v1_0_2_reg__parameterized42
INFO: [VRFC 10-311] analyzing module ddsseventh_ila_0_0_xsdbs_v1_0_2_reg__parameterized43
INFO: [VRFC 10-311] analyzing module ddsseventh_ila_0_0_xsdbs_v1_0_2_reg__parameterized45
INFO: [VRFC 10-311] analyzing module ddsseventh_ila_0_0_xsdbs_v1_0_2_reg__parameterized47
INFO: [VRFC 10-311] analyzing module ddsseventh_ila_0_0_xsdbs_v1_0_2_reg__parameterized50
INFO: [VRFC 10-311] analyzing module ddsseventh_ila_0_0_xsdbs_v1_0_2_reg_ctl
INFO: [VRFC 10-311] analyzing module ddsseventh_ila_0_0_xsdbs_v1_0_2_reg_ctl_32
INFO: [VRFC 10-311] analyzing module ddsseventh_ila_0_0_xsdbs_v1_0_2_reg_ctl_33
INFO: [VRFC 10-311] analyzing module ddsseventh_ila_0_0_xsdbs_v1_0_2_reg_ctl_34
INFO: [VRFC 10-311] analyzing module ddsseventh_ila_0_0_xsdbs_v1_0_2_reg_ctl_35
INFO: [VRFC 10-311] analyzing module ddsseventh_ila_0_0_xsdbs_v1_0_2_reg_ctl_38
INFO: [VRFC 10-311] analyzing module ddsseventh_ila_0_0_xsdbs_v1_0_2_reg_ctl_39
INFO: [VRFC 10-311] analyzing module ddsseventh_ila_0_0_xsdbs_v1_0_2_reg_ctl_40
INFO: [VRFC 10-311] analyzing module ddsseventh_ila_0_0_xsdbs_v1_0_2_reg_ctl_41
INFO: [VRFC 10-311] analyzing module ddsseventh_ila_0_0_xsdbs_v1_0_2_reg_ctl_42
INFO: [VRFC 10-311] analyzing module ddsseventh_ila_0_0_xsdbs_v1_0_2_reg_ctl_45
INFO: [VRFC 10-311] analyzing module ddsseventh_ila_0_0_xsdbs_v1_0_2_reg_ctl__parameterized0
INFO: [VRFC 10-311] analyzing module ddsseventh_ila_0_0_xsdbs_v1_0_2_reg_ctl__parameterized1
INFO: [VRFC 10-311] analyzing module ddsseventh_ila_0_0_xsdbs_v1_0_2_reg_ctl__parameterized1_36
INFO: [VRFC 10-311] analyzing module ddsseventh_ila_0_0_xsdbs_v1_0_2_reg_ctl__parameterized1_37
INFO: [VRFC 10-311] analyzing module ddsseventh_ila_0_0_xsdbs_v1_0_2_reg_p2s
INFO: [VRFC 10-311] analyzing module ddsseventh_ila_0_0_xsdbs_v1_0_2_reg_p2s__parameterized0
INFO: [VRFC 10-311] analyzing module ddsseventh_ila_0_0_xsdbs_v1_0_2_reg_p2s__parameterized1
INFO: [VRFC 10-311] analyzing module ddsseventh_ila_0_0_xsdbs_v1_0_2_reg_p2s__parameterized2
INFO: [VRFC 10-311] analyzing module ddsseventh_ila_0_0_xsdbs_v1_0_2_reg_p2s__parameterized3
INFO: [VRFC 10-311] analyzing module ddsseventh_ila_0_0_xsdbs_v1_0_2_reg_p2s__parameterized4
INFO: [VRFC 10-311] analyzing module ddsseventh_ila_0_0_xsdbs_v1_0_2_reg_stat
INFO: [VRFC 10-311] analyzing module ddsseventh_ila_0_0_xsdbs_v1_0_2_reg_stat_29
INFO: [VRFC 10-311] analyzing module ddsseventh_ila_0_0_xsdbs_v1_0_2_reg_stat_30
INFO: [VRFC 10-311] analyzing module ddsseventh_ila_0_0_xsdbs_v1_0_2_reg_stat_31
INFO: [VRFC 10-311] analyzing module ddsseventh_ila_0_0_xsdbs_v1_0_2_reg_stat_43
INFO: [VRFC 10-311] analyzing module ddsseventh_ila_0_0_xsdbs_v1_0_2_reg_stat_44
INFO: [VRFC 10-311] analyzing module ddsseventh_ila_0_0_xsdbs_v1_0_2_reg_stream
INFO: [VRFC 10-311] analyzing module ddsseventh_ila_0_0_xsdbs_v1_0_2_reg_stream__parameterized0
INFO: [VRFC 10-311] analyzing module ddsseventh_ila_0_0_xsdbs_v1_0_2_xsdbs
INFO: [VRFC 10-311] analyzing module ddsseventh_dds_compiler_0_0_accum
INFO: [VRFC 10-311] analyzing module ddsseventh_dds_compiler_0_0_dds_compiler_v6_0_22
INFO: [VRFC 10-311] analyzing module ddsseventh_dds_compiler_0_0_dds_compiler_v6_0_22_core
INFO: [VRFC 10-311] analyzing module ddsseventh_dds_compiler_0_0_dds_compiler_v6_0_22_eff
INFO: [VRFC 10-311] analyzing module ddsseventh_dds_compiler_0_0_dds_compiler_v6_0_22_eff_lut
INFO: [VRFC 10-311] analyzing module ddsseventh_dds_compiler_0_0_dds_compiler_v6_0_22_rdy
INFO: [VRFC 10-311] analyzing module ddsseventh_dds_compiler_0_0_dds_compiler_v6_0_22_viv
INFO: [VRFC 10-311] analyzing module ddsseventh_dds_compiler_0_0_pipe_add
INFO: [VRFC 10-311] analyzing module ddsseventh_dds_compiler_0_0_sin_cos
INFO: [VRFC 10-311] analyzing module ddsseventh_dds_compiler_0_0_xbip_dsp48_multadd_synth
INFO: [VRFC 10-311] analyzing module ddsseventh_dds_compiler_0_0_xbip_dsp48_multadd_synth_10
INFO: [VRFC 10-311] analyzing module ddsseventh_dds_compiler_0_0_xbip_dsp48_multadd_synth_8
INFO: [VRFC 10-311] analyzing module ddsseventh_dds_compiler_0_0_xbip_dsp48_multadd_v3_0_6_viv
INFO: [VRFC 10-311] analyzing module ddsseventh_dds_compiler_0_0_xbip_dsp48_multadd_v3_0_6_viv_3
INFO: [VRFC 10-311] analyzing module ddsseventh_dds_compiler_0_0_xbip_dsp48_multadd_v3_0_6_viv_4
INFO: [VRFC 10-311] analyzing module ddsseventh_dds_compiler_0_0_xbip_dsp48e1_wrapper_v3_0
INFO: [VRFC 10-311] analyzing module ddsseventh_dds_compiler_0_0_xbip_dsp48e1_wrapper_v3_0_11
INFO: [VRFC 10-311] analyzing module ddsseventh_dds_compiler_0_0_xbip_dsp48e1_wrapper_v3_0_9
INFO: [VRFC 10-311] analyzing module ddsseventh_dds_compiler_0_0_xbip_pipe_v3_0_6_viv
INFO: [VRFC 10-311] analyzing module ddsseventh_dds_compiler_0_0_xbip_pipe_v3_0_6_viv_0
INFO: [VRFC 10-311] analyzing module ddsseventh_dds_compiler_0_0_xbip_pipe_v3_0_6_viv__parameterized1
INFO: [VRFC 10-311] analyzing module ddsseventh_dds_compiler_0_0_xbip_pipe_v3_0_6_viv__parameterized11
INFO: [VRFC 10-311] analyzing module ddsseventh_dds_compiler_0_0_xbip_pipe_v3_0_6_viv__parameterized11_1
INFO: [VRFC 10-311] analyzing module ddsseventh_dds_compiler_0_0_xbip_pipe_v3_0_6_viv__parameterized13
INFO: [VRFC 10-311] analyzing module ddsseventh_dds_compiler_0_0_xbip_pipe_v3_0_6_viv__parameterized13_2
INFO: [VRFC 10-311] analyzing module ddsseventh_dds_compiler_0_0_xbip_pipe_v3_0_6_viv__parameterized17
INFO: [VRFC 10-311] analyzing module ddsseventh_dds_compiler_0_0_xbip_pipe_v3_0_6_viv__parameterized17_5
INFO: [VRFC 10-311] analyzing module ddsseventh_dds_compiler_0_0_xbip_pipe_v3_0_6_viv__parameterized17_6
INFO: [VRFC 10-311] analyzing module ddsseventh_dds_compiler_0_0_xbip_pipe_v3_0_6_viv__parameterized17_7
INFO: [VRFC 10-311] analyzing module ddsseventh_dds_compiler_0_0_xbip_pipe_v3_0_6_viv__parameterized19
INFO: [VRFC 10-311] analyzing module ddsseventh_dds_compiler_0_0_xbip_pipe_v3_0_6_viv__parameterized21
INFO: [VRFC 10-311] analyzing module ddsseventh_dds_compiler_0_0_xbip_pipe_v3_0_6_viv__parameterized7
INFO: [VRFC 10-311] analyzing module ddsseventh_dds_compiler_1_0_accum
INFO: [VRFC 10-311] analyzing module ddsseventh_dds_compiler_1_0_dds_compiler_v6_0_22
INFO: [VRFC 10-311] analyzing module ddsseventh_dds_compiler_1_0_dds_compiler_v6_0_22_core
INFO: [VRFC 10-311] analyzing module ddsseventh_dds_compiler_1_0_dds_compiler_v6_0_22_eff
INFO: [VRFC 10-311] analyzing module ddsseventh_dds_compiler_1_0_dds_compiler_v6_0_22_eff_lut
INFO: [VRFC 10-311] analyzing module ddsseventh_dds_compiler_1_0_dds_compiler_v6_0_22_rdy
INFO: [VRFC 10-311] analyzing module ddsseventh_dds_compiler_1_0_dds_compiler_v6_0_22_viv
INFO: [VRFC 10-311] analyzing module ddsseventh_dds_compiler_1_0_pipe_add
INFO: [VRFC 10-311] analyzing module ddsseventh_dds_compiler_1_0_sin_cos
INFO: [VRFC 10-311] analyzing module ddsseventh_dds_compiler_1_0_xbip_dsp48_multadd_synth
INFO: [VRFC 10-311] analyzing module ddsseventh_dds_compiler_1_0_xbip_dsp48_multadd_synth_10
INFO: [VRFC 10-311] analyzing module ddsseventh_dds_compiler_1_0_xbip_dsp48_multadd_synth_8
INFO: [VRFC 10-311] analyzing module ddsseventh_dds_compiler_1_0_xbip_dsp48_multadd_v3_0_6_viv
INFO: [VRFC 10-311] analyzing module ddsseventh_dds_compiler_1_0_xbip_dsp48_multadd_v3_0_6_viv_3
INFO: [VRFC 10-311] analyzing module ddsseventh_dds_compiler_1_0_xbip_dsp48_multadd_v3_0_6_viv_4
INFO: [VRFC 10-311] analyzing module ddsseventh_dds_compiler_1_0_xbip_dsp48e1_wrapper_v3_0
INFO: [VRFC 10-311] analyzing module ddsseventh_dds_compiler_1_0_xbip_dsp48e1_wrapper_v3_0_11
INFO: [VRFC 10-311] analyzing module ddsseventh_dds_compiler_1_0_xbip_dsp48e1_wrapper_v3_0_9
INFO: [VRFC 10-311] analyzing module ddsseventh_dds_compiler_1_0_xbip_pipe_v3_0_6_viv
INFO: [VRFC 10-311] analyzing module ddsseventh_dds_compiler_1_0_xbip_pipe_v3_0_6_viv_0
INFO: [VRFC 10-311] analyzing module ddsseventh_dds_compiler_1_0_xbip_pipe_v3_0_6_viv__parameterized1
INFO: [VRFC 10-311] analyzing module ddsseventh_dds_compiler_1_0_xbip_pipe_v3_0_6_viv__parameterized11
INFO: [VRFC 10-311] analyzing module ddsseventh_dds_compiler_1_0_xbip_pipe_v3_0_6_viv__parameterized11_1
INFO: [VRFC 10-311] analyzing module ddsseventh_dds_compiler_1_0_xbip_pipe_v3_0_6_viv__parameterized13
INFO: [VRFC 10-311] analyzing module ddsseventh_dds_compiler_1_0_xbip_pipe_v3_0_6_viv__parameterized13_2
INFO: [VRFC 10-311] analyzing module ddsseventh_dds_compiler_1_0_xbip_pipe_v3_0_6_viv__parameterized17
INFO: [VRFC 10-311] analyzing module ddsseventh_dds_compiler_1_0_xbip_pipe_v3_0_6_viv__parameterized17_5
INFO: [VRFC 10-311] analyzing module ddsseventh_dds_compiler_1_0_xbip_pipe_v3_0_6_viv__parameterized17_6
INFO: [VRFC 10-311] analyzing module ddsseventh_dds_compiler_1_0_xbip_pipe_v3_0_6_viv__parameterized17_7
INFO: [VRFC 10-311] analyzing module ddsseventh_dds_compiler_1_0_xbip_pipe_v3_0_6_viv__parameterized19
INFO: [VRFC 10-311] analyzing module ddsseventh_dds_compiler_1_0_xbip_pipe_v3_0_6_viv__parameterized21
INFO: [VRFC 10-311] analyzing module ddsseventh_dds_compiler_1_0_xbip_pipe_v3_0_6_viv__parameterized7
INFO: [VRFC 10-311] analyzing module ddsseventh_mult_gen_0_3_delay_line__parameterized2
INFO: [VRFC 10-311] analyzing module ddsseventh_mult_gen_0_3_delay_line__parameterized2_0
INFO: [VRFC 10-311] analyzing module ddsseventh_mult_gen_0_3_dsp
INFO: [VRFC 10-311] analyzing module ddsseventh_mult_gen_0_3_mult_gen_v12_0_18
INFO: [VRFC 10-311] analyzing module ddsseventh_mult_gen_0_3_mult_gen_v12_0_18_viv
INFO: [VRFC 10-311] analyzing module ddsseventh_mult_gen_1_0_delay_line__parameterized3
INFO: [VRFC 10-311] analyzing module ddsseventh_mult_gen_1_0_delay_line__parameterized3_0
INFO: [VRFC 10-311] analyzing module ddsseventh_mult_gen_1_0_delay_line__parameterized3_1
INFO: [VRFC 10-311] analyzing module ddsseventh_mult_gen_1_0_delay_line__parameterized3_2
INFO: [VRFC 10-311] analyzing module ddsseventh_mult_gen_1_0_dsp
INFO: [VRFC 10-311] analyzing module ddsseventh_mult_gen_1_0_mult_gen_v12_0_18
INFO: [VRFC 10-311] analyzing module ddsseventh_mult_gen_1_0_mult_gen_v12_0_18_viv
INFO: [VRFC 10-311] analyzing module ddsseventh_ila_0_0_blk_mem_gen_v8_4_5
INFO: [VRFC 10-311] analyzing module ddsseventh_ila_0_0_blk_mem_gen_v8_4_5_blk_mem_gen_generic_cstr
INFO: [VRFC 10-311] analyzing module ddsseventh_ila_0_0_blk_mem_gen_v8_4_5_blk_mem_gen_prim_width
INFO: [VRFC 10-311] analyzing module ddsseventh_ila_0_0_blk_mem_gen_v8_4_5_blk_mem_gen_prim_width__parameterized0
INFO: [VRFC 10-311] analyzing module ddsseventh_ila_0_0_blk_mem_gen_v8_4_5_blk_mem_gen_prim_width__parameterized1
INFO: [VRFC 10-311] analyzing module ddsseventh_ila_0_0_blk_mem_gen_v8_4_5_blk_mem_gen_prim_width__parameterized2
INFO: [VRFC 10-311] analyzing module ddsseventh_ila_0_0_blk_mem_gen_v8_4_5_blk_mem_gen_prim_width__parameterized3
INFO: [VRFC 10-311] analyzing module ddsseventh_ila_0_0_blk_mem_gen_v8_4_5_blk_mem_gen_prim_width__parameterized4
INFO: [VRFC 10-311] analyzing module ddsseventh_ila_0_0_blk_mem_gen_v8_4_5_blk_mem_gen_prim_width__parameterized5
INFO: [VRFC 10-311] analyzing module ddsseventh_ila_0_0_blk_mem_gen_v8_4_5_blk_mem_gen_prim_wrapper
INFO: [VRFC 10-311] analyzing module ddsseventh_ila_0_0_blk_mem_gen_v8_4_5_blk_mem_gen_prim_wrapper__parameterized0
INFO: [VRFC 10-311] analyzing module ddsseventh_ila_0_0_blk_mem_gen_v8_4_5_blk_mem_gen_prim_wrapper__parameterized1
INFO: [VRFC 10-311] analyzing module ddsseventh_ila_0_0_blk_mem_gen_v8_4_5_blk_mem_gen_prim_wrapper__parameterized2
INFO: [VRFC 10-311] analyzing module ddsseventh_ila_0_0_blk_mem_gen_v8_4_5_blk_mem_gen_prim_wrapper__parameterized3
INFO: [VRFC 10-311] analyzing module ddsseventh_ila_0_0_blk_mem_gen_v8_4_5_blk_mem_gen_prim_wrapper__parameterized4
INFO: [VRFC 10-311] analyzing module ddsseventh_ila_0_0_blk_mem_gen_v8_4_5_blk_mem_gen_prim_wrapper__parameterized5
INFO: [VRFC 10-311] analyzing module ddsseventh_ila_0_0_blk_mem_gen_v8_4_5_blk_mem_gen_top
INFO: [VRFC 10-311] analyzing module ddsseventh_ila_0_0_blk_mem_gen_v8_4_5_synth
INFO: [VRFC 10-311] analyzing module glbl
